<!DOCTYPE html PUBLIC "-//W3C//DTD XHTML 1.1//EN" "https://www.w3.org/TR/xhtml11/DTD/xhtml11.dtd">
<html xmlns="https://www.w3.org/1999/xhtml">
<head>
<meta http-equiv="content-type" content="text/html; charset=UTF-8"/>
<title>TestNG Report</title>
<style type="text/css">table {margin-bottom:10px;border-collapse:collapse;empty-cells:show}th,td {border:1px solid #009;padding:.25em .5em}th {vertical-align:bottom}td {vertical-align:top}table a {font-weight:bold}.stripe td {background-color: #E6EBF9}.num {text-align:right}.passedodd td {background-color: #3F3}.passedeven td {background-color: #0A0}.skippedodd td {background-color: #DDD}.skippedeven td {background-color: #CCC}.failedodd td,.attn {background-color: #F33}.failedeven td,.stripe .attn {background-color: #D00}.stacktrace {white-space:pre;font-family:monospace}.totop {font-size:85%;text-align:center;border-bottom:2px solid #000}.invisible {display:none}</style>
</head>
<body>
<table>
<tr><th>Test</th><th># Passed</th><th># Skipped</th><th># Retried</th><th># Failed</th><th>Time (ms)</th><th>Included Groups</th><th>Excluded Groups</th></tr>
<tr><th colspan="8">AutomationTest</th></tr>
<tr><td><a href="#t0">Test To Verify CRM Login</a></td><td class="num">0</td><td class="num attn">1</td><td class="num">0</td><td class="num">0</td><td class="num">2,235</td><td></td><td></td></tr>
<tr class="stripe"><td><a href="#t1">Test To Verify LeadLostFlow</a></td><td class="num">0</td><td class="num">0</td><td class="num">0</td><td class="num attn">1</td><td class="num">136,313</td><td></td><td></td></tr>
<tr><th>Total</th><th class="num">0</th><th class="num attn">1</th><th class="num">0</th><th class="num attn">1</th><th class="num">138,548</th><th colspan="2"></th></tr>
</table>
<table id='summary'><thead><tr><th>Class</th><th>Method</th><th>Start</th><th>Time (ms)</th></tr></thead><tbody><tr><th colspan="4">AutomationTest</th></tr></tbody><tbody id="t0"><tr><th colspan="4">Test To Verify CRM Login &#8212; failed (configuration methods)</th></tr><tr class="failedeven"><td rowspan="1">com.crm.testCases.TC01VerifyCRMLogin</td><td><a href="#m0">tearDownTest</a></td><td rowspan="1">1663238811918</td><td rowspan="1">2</td></tr><tr><th colspan="4">Test To Verify CRM Login &#8212; skipped</th></tr><tr class="skippedeven"><td rowspan="1">com.crm.testCases.TC01VerifyCRMLogin</td><td><a href="#m1">VerifyCRMLogin</a></td><td rowspan="1">1663238809735</td><td rowspan="1">2164</td></tr></tbody>
<tbody id="t1"><tr><th colspan="4">Test To Verify LeadLostFlow &#8212; failed</th></tr><tr class="failedeven"><td rowspan="1">com.crm.testCases.TC02LeadLostFlow</td><td><a href="#m2">LeadLostFlow</a></td><td rowspan="1">1663238812479</td><td rowspan="1">129455</td></tr></tbody>
</table>
<h2>Test To Verify CRM Login</h2><h3 id="m0">com.crm.testCases.TC01VerifyCRMLogin#tearDownTest</h3><table class="result"><tr><th>Exception</th></tr><tr><td><div class="stacktrace">java.lang.NullPointerException
	at com.crm.base.SetUp.tearDownTest(SetUp.java:58)
... Removed 24 stack frames</div></td></tr></table><p class="totop"><a href="#summary">back to summary</a></p>
<h3 id="m1">com.crm.testCases.TC01VerifyCRMLogin#VerifyCRMLogin</h3><table class="result"><tr><th>Exception</th></tr><tr><td><div class="stacktrace">org.testng.SkipException: Skipping the test VerifyCRMLogin as the Run mode is NO
	at com.crm.testCases.TC01VerifyCRMLogin.VerifyCRMLogin(TC01VerifyCRMLogin.java:25)
	at java.base/java.util.ArrayList.forEach(ArrayList.java:1541)
... Removed 27 stack frames</div></td></tr></table><p class="totop"><a href="#summary">back to summary</a></p>
<h2>Test To Verify LeadLostFlow</h2><h3 id="m2">com.crm.testCases.TC02LeadLostFlow#LeadLostFlow</h3><table class="result"><tr><th>Exception</th></tr><tr><td><div class="stacktrace">org.openqa.selenium.TimeoutException: Expected condition failed: waiting for visibility of element located by By.xpath: //span[text()=\&quot;Lead &amp; Deals\&quot;] (tried for 60 second(s) with 500 milliseconds interval)
Build info: version: &apos;4.1.0&apos;, revision: &apos;87802e897b&apos;
System info: host: &apos;MANSIGAJRE&apos;, ip: &apos;192.168.0.103&apos;, os.name: &apos;Windows 10&apos;, os.arch: &apos;amd64&apos;, os.version: &apos;10.0&apos;, java.version: &apos;11.0.16&apos;
Driver info: org.openqa.selenium.chrome.ChromeDriver
Capabilities {acceptInsecureCerts: false, browserName: chrome, browserVersion: 105.0.5195.102, chrome: {chromedriverVersion: 105.0.5195.52 (412c95e51883..., userDataDir: C:\Users\MANSI~1.GAJ\AppDat...}, goog:chromeOptions: {debuggerAddress: localhost:54786}, javascriptEnabled: true, networkConnectionEnabled: false, pageLoadStrategy: normal, platform: WINDOWS, platformName: WINDOWS, proxy: Proxy(), se:cdp: ws://localhost:54786/devtoo..., se:cdpVersion: 105.0.5195.102, setWindowRect: true, strictFileInteractability: false, timeouts: {implicit: 0, pageLoad: 300000, script: 30000}, unhandledPromptBehavior: dismiss and notify, webauthn:extension:credBlob: true, webauthn:extension:largeBlob: true, webauthn:virtualAuthenticators: true}
Session ID: 29fa5138ce2cb88214d5052eff7b6e47
	at org.openqa.selenium.support.ui.WebDriverWait.timeoutException(WebDriverWait.java:138)
	at org.openqa.selenium.support.ui.FluentWait.until(FluentWait.java:231)
	at com.crm.commonUtilities.CommonMethods.ExWait(CommonMethods.java:40)
	at com.crm.commonUtilities.CommonMethods.highLight(CommonMethods.java:112)
	at com.crm.pages.CRMLogin.LeadLost.Client(LeadLost.java:196)
	at com.crm.testCases.TC02LeadLostFlow.LeadLostFlow(TC02LeadLostFlow.java:35)
	at java.base/java.util.ArrayList.forEach(ArrayList.java:1541)
... Removed 27 stack frames</div></td></tr></table><p class="totop"><a href="#summary">back to summary</a></p>
</body>
</html>
